TN:
SF:src\controllers\CacheController.ts
FN:10,(anonymous_7)
FN:17,(anonymous_8)
FN:30,(anonymous_10)
FN:43,(anonymous_12)
FN:63,(anonymous_14)
FN:83,(anonymous_16)
FNF:6
FNH:0
FNDA:0,(anonymous_7)
FNDA:0,(anonymous_8)
FNDA:0,(anonymous_10)
FNDA:0,(anonymous_12)
FNDA:0,(anonymous_14)
FNDA:0,(anonymous_16)
DA:2,0
DA:7,0
DA:11,0
DA:18,0
DA:19,0
DA:20,0
DA:22,0
DA:23,0
DA:31,0
DA:32,0
DA:33,0
DA:35,0
DA:36,0
DA:44,0
DA:45,0
DA:47,0
DA:48,0
DA:49,0
DA:52,0
DA:53,0
DA:55,0
DA:56,0
DA:64,0
DA:65,0
DA:67,0
DA:68,0
DA:69,0
DA:72,0
DA:73,0
DA:75,0
DA:76,0
DA:84,0
DA:85,0
DA:87,0
DA:88,0
DA:89,0
DA:92,0
DA:93,0
DA:95,0
DA:96,0
LF:40
LH:0
BRDA:47,0,0,0
BRDA:47,1,0,0
BRDA:47,1,1,0
BRDA:67,2,0,0
BRDA:87,3,0,0
BRDA:87,4,0,0
BRDA:87,4,1,0
BRF:7
BRH:0
end_of_record
TN:
SF:src\controllers\ProxyController.ts
FN:10,(anonymous_7)
FN:17,(anonymous_8)
FN:30,(anonymous_10)
FN:43,(anonymous_12)
FN:56,(anonymous_14)
FNF:5
FNH:0
FNDA:0,(anonymous_7)
FNDA:0,(anonymous_8)
FNDA:0,(anonymous_10)
FNDA:0,(anonymous_12)
FNDA:0,(anonymous_14)
DA:2,0
DA:7,0
DA:11,0
DA:18,0
DA:19,0
DA:20,0
DA:22,0
DA:23,0
DA:31,0
DA:32,0
DA:33,0
DA:35,0
DA:36,0
DA:44,0
DA:45,0
DA:46,0
DA:48,0
DA:49,0
DA:57,0
DA:58,0
DA:60,0
DA:66,0
DA:68,0
DA:69,0
DA:70,0
DA:74,0
DA:79,0
DA:81,0
DA:82,0
LF:29
LH:0
BRDA:68,0,0,0
BRDA:76,1,0,0
BRDA:76,1,1,0
BRF:3
BRH:0
end_of_record
TN:
SF:src\controllers\ScraperController.ts
FN:11,(anonymous_7)
FN:18,(anonymous_8)
FN:45,(anonymous_10)
FN:72,(anonymous_12)
FNF:4
FNH:0
FNDA:0,(anonymous_7)
FNDA:0,(anonymous_8)
FNDA:0,(anonymous_10)
FNDA:0,(anonymous_12)
DA:2,0
DA:8,0
DA:12,0
DA:19,0
DA:20,0
DA:21,0
DA:24,0
DA:25,0
DA:26,0
DA:30,0
DA:32,0
DA:37,0
DA:38,0
DA:46,0
DA:47,0
DA:48,0
DA:51,0
DA:52,0
DA:53,0
DA:57,0
DA:59,0
DA:64,0
DA:65,0
DA:73,0
DA:74,0
DA:76,0
DA:78,0
DA:79,0
DA:80,0
DA:83,0
DA:94,0
DA:95,0
LF:32
LH:0
BRDA:24,0,0,0
BRDA:51,1,0,0
BRDA:78,2,0,0
BRF:3
BRH:0
end_of_record
TN:
SF:src\controllers\ScraperMonitorController.ts
FN:10,(anonymous_0)
FN:17,(anonymous_1)
FN:36,(anonymous_2)
FN:73,(anonymous_3)
FNF:4
FNH:0
FNDA:0,(anonymous_0)
FNDA:0,(anonymous_1)
FNDA:0,(anonymous_2)
FNDA:0,(anonymous_3)
DA:2,0
DA:7,0
DA:11,0
DA:18,0
DA:19,0
DA:20,0
DA:25,0
DA:26,0
DA:37,0
DA:38,0
DA:40,0
DA:41,0
DA:45,0
DA:48,0
DA:50,0
DA:51,0
DA:56,0
DA:62,0
DA:63,0
DA:74,0
DA:76,0
DA:83,0
DA:84,0
LF:23
LH:0
BRDA:40,0,0,0
BRDA:50,1,0,0
BRDA:50,1,1,0
BRF:3
BRH:0
end_of_record
TN:
SF:src\repositories\ScraperTaskRepository.ts
FN:11,(anonymous_7)
FN:30,(anonymous_9)
FN:52,(anonymous_11)
FN:81,(anonymous_13)
FN:96,(anonymous_15)
FN:111,(anonymous_17)
FN:126,(anonymous_19)
FN:141,(anonymous_21)
FN:156,(anonymous_23)
FN:176,(anonymous_25)
FNF:10
FNH:0
FNDA:0,(anonymous_7)
FNDA:0,(anonymous_9)
FNDA:0,(anonymous_11)
FNDA:0,(anonymous_13)
FNDA:0,(anonymous_15)
FNDA:0,(anonymous_17)
FNDA:0,(anonymous_19)
FNDA:0,(anonymous_21)
FNDA:0,(anonymous_23)
FNDA:0,(anonymous_25)
DA:1,0
DA:2,0
DA:7,0
DA:12,0
DA:13,0
DA:14,0
DA:16,0
DA:17,0
DA:20,0
DA:22,0
DA:23,0
DA:31,0
DA:32,0
DA:34,0
DA:40,0
DA:42,0
DA:44,0
DA:45,0
DA:53,0
DA:54,0
DA:56,0
DA:63,0
DA:65,0
DA:67,0
DA:68,0
DA:71,0
DA:73,0
DA:74,0
DA:82,0
DA:83,0
DA:84,0
DA:86,0
DA:88,0
DA:89,0
DA:97,0
DA:98,0
DA:99,0
DA:101,0
DA:103,0
DA:104,0
DA:112,0
DA:113,0
DA:114,0
DA:116,0
DA:118,0
DA:119,0
DA:127,0
DA:128,0
DA:129,0
DA:131,0
DA:133,0
DA:134,0
DA:142,0
DA:143,0
DA:144,0
DA:146,0
DA:148,0
DA:149,0
DA:157,0
DA:158,0
DA:164,0
DA:166,0
DA:168,0
DA:169,0
DA:177,0
LF:65
LH:0
BRDA:16,0,0,0
BRDA:63,1,0,0
BRDA:63,1,1,0
BRDA:67,2,0,0
BRF:4
BRH:0
end_of_record
TN:
SF:src\repositories\SubscriptionRepository.ts
FN:10,(anonymous_7)
FN:51,(anonymous_9)
FN:94,(anonymous_11)
FN:116,(anonymous_13)
FN:139,(anonymous_15)
FN:152,(anonymous_17)
FNF:6
FNH:0
FNDA:0,(anonymous_7)
FNDA:0,(anonymous_9)
FNDA:0,(anonymous_11)
FNDA:0,(anonymous_13)
FNDA:0,(anonymous_15)
FNDA:0,(anonymous_17)
DA:1,0
DA:6,0
DA:11,0
DA:12,0
DA:19,0
DA:21,0
DA:22,0
DA:26,0
DA:27,0
DA:43,0
DA:44,0
DA:52,0
DA:53,0
DA:62,0
DA:64,0
DA:65,0
DA:69,0
DA:70,0
DA:86,0
DA:87,0
DA:95,0
DA:96,0
DA:98,0
DA:104,0
DA:106,0
DA:108,0
DA:109,0
DA:117,0
DA:118,0
DA:120,0
DA:127,0
DA:129,0
DA:131,0
DA:132,0
DA:140,0
DA:141,0
DA:149,0
DA:152,0
DA:168,0
DA:169,0
LF:40
LH:0
BRDA:21,0,0,0
BRDA:64,1,0,0
BRF:2
BRH:0
end_of_record
TN:
SF:src\repositories\UserRepository.ts
FN:10,(anonymous_7)
FN:25,(anonymous_9)
FN:40,(anonymous_11)
FN:62,(anonymous_13)
FN:85,(anonymous_15)
FN:100,(anonymous_17)
FNF:6
FNH:0
FNDA:0,(anonymous_7)
FNDA:0,(anonymous_9)
FNDA:0,(anonymous_11)
FNDA:0,(anonymous_13)
FNDA:0,(anonymous_15)
FNDA:0,(anonymous_17)
DA:1,0
DA:6,0
DA:11,0
DA:12,0
DA:13,0
DA:15,0
DA:17,0
DA:18,0
DA:26,0
DA:27,0
DA:28,0
DA:30,0
DA:32,0
DA:33,0
DA:41,0
DA:42,0
DA:44,0
DA:50,0
DA:52,0
DA:54,0
DA:55,0
DA:63,0
DA:64,0
DA:66,0
DA:73,0
DA:75,0
DA:77,0
DA:78,0
DA:86,0
DA:87,0
DA:88,0
DA:90,0
DA:92,0
DA:93,0
DA:101,0
DA:102,0
DA:103,0
DA:105,0
DA:107,0
DA:108,0
LF:40
LH:0
BRDA:15,0,0,0
BRDA:15,0,1,0
BRDA:30,1,0,0
BRDA:30,1,1,0
BRDA:50,2,0,0
BRDA:50,2,1,0
BRF:6
BRH:0
end_of_record
TN:
SF:src\routes\linkedinAuth.routes.ts
FNF:0
FNH:0
DA:1,0
DA:2,0
DA:4,0
DA:5,0
DA:12,0
DA:19,0
DA:26,0
DA:33,0
DA:35,0
LF:9
LH:0
BRF:0
BRH:0
end_of_record
TN:
SF:src\routes\linkedinJobs.routes.ts
FNF:0
FNH:0
DA:1,0
DA:2,0
DA:4,0
DA:5,0
DA:12,0
DA:19,0
DA:21,0
LF:7
LH:0
BRF:0
BRH:0
end_of_record
TN:
SF:src\routes\scraper.routes.ts
FNF:0
FNH:0
DA:1,0
DA:2,0
DA:4,0
DA:5,0
DA:12,0
DA:19,0
DA:26,0
DA:28,0
LF:8
LH:0
BRF:0
BRH:0
end_of_record
TN:
SF:src\routes\scraperMonitorRoutes.ts
FNF:0
FNH:0
DA:1,0
DA:2,0
DA:4,0
DA:5,0
DA:12,0
DA:19,0
DA:26,0
DA:28,0
LF:8
LH:0
BRF:0
BRH:0
end_of_record
TN:
SF:src\services\auth\LinkedInAuthService.ts
FN:20,(anonymous_7)
FN:33,(anonymous_8)
FN:47,(anonymous_9)
FN:82,(anonymous_11)
FN:110,(anonymous_13)
FNF:5
FNH:0
FNDA:0,(anonymous_7)
FNDA:0,(anonymous_8)
FNDA:0,(anonymous_9)
FNDA:0,(anonymous_11)
FNDA:0,(anonymous_13)
DA:1,0
DA:15,0
DA:21,0
DA:22,0
DA:23,0
DA:25,0
DA:26,0
DA:34,0
DA:35,0
DA:39,0
DA:41,0
DA:49,0
DA:50,0
DA:51,0
DA:54,0
DA:55,0
DA:68,0
DA:74,0
DA:75,0
DA:83,0
DA:84,0
DA:96,0
DA:102,0
DA:103,0
DA:111,0
LF:25
LH:0
BRDA:21,0,0,0
BRDA:21,0,1,0
BRDA:22,1,0,0
BRDA:22,1,1,0
BRDA:23,2,0,0
BRDA:23,2,1,0
BRDA:25,3,0,0
BRDA:25,4,0,0
BRDA:25,4,1,0
BRDA:50,5,0,0
BRDA:99,6,0,0
BRDA:99,6,1,0
BRF:12
BRH:0
end_of_record
TN:
SF:src\services\auth\TokenStorage.ts
FN:10,(anonymous_0)
FN:24,(anonymous_1)
FN:39,(anonymous_2)
FN:51,(anonymous_3)
FNF:4
FNH:0
FNDA:0,(anonymous_0)
FNDA:0,(anonymous_1)
FNDA:0,(anonymous_2)
FNDA:0,(anonymous_3)
DA:6,0
DA:12,0
DA:15,0
DA:16,0
DA:17,0
DA:25,0
DA:26,0
DA:28,0
DA:29,0
DA:31,0
DA:32,0
DA:40,0
DA:41,0
DA:43,0
DA:45,0
DA:52,0
DA:53,0
LF:17
LH:0
BRDA:15,0,0,0
BRDA:26,1,0,0
BRDA:41,2,0,0
BRF:3
BRH:0
end_of_record
TN:
SF:src\services\cache\ScraperCacheService.ts
FN:20,(anonymous_7)
FN:40,(anonymous_8)
FN:42,(anonymous_9)
FN:45,(anonymous_10)
FN:53,(anonymous_11)
FN:61,(anonymous_12)
FN:68,(anonymous_13)
FN:96,(anonymous_15)
FN:96,(anonymous_16)
FN:133,(anonymous_17)
FN:140,(anonymous_19)
FN:147,(anonymous_21)
FN:167,(anonymous_22)
FN:177,(anonymous_23)
FN:189,(anonymous_24)
FN:194,(anonymous_25)
FN:199,(anonymous_26)
FN:204,(anonymous_27)
FN:223,(anonymous_28)
FN:236,(anonymous_30)
FN:249,(anonymous_32)
FNF:21
FNH:0
FNDA:0,(anonymous_7)
FNDA:0,(anonymous_8)
FNDA:0,(anonymous_9)
FNDA:0,(anonymous_10)
FNDA:0,(anonymous_11)
FNDA:0,(anonymous_12)
FNDA:0,(anonymous_13)
FNDA:0,(anonymous_15)
FNDA:0,(anonymous_16)
FNDA:0,(anonymous_17)
FNDA:0,(anonymous_19)
FNDA:0,(anonymous_21)
FNDA:0,(anonymous_22)
FNDA:0,(anonymous_23)
FNDA:0,(anonymous_24)
FNDA:0,(anonymous_25)
FNDA:0,(anonymous_26)
FNDA:0,(anonymous_27)
FNDA:0,(anonymous_28)
FNDA:0,(anonymous_30)
FNDA:0,(anonymous_32)
DA:2,0
DA:20,0
DA:21,0
DA:22,0
DA:23,0
DA:24,0
DA:30,0
DA:31,0
DA:32,0
DA:33,0
DA:34,0
DA:35,0
DA:36,0
DA:37,0
DA:38,0
DA:42,0
DA:45,0
DA:47,0
DA:54,0
DA:55,0
DA:62,0
DA:69,0
DA:71,0
DA:72,0
DA:73,0
DA:77,0
DA:78,0
DA:79,0
DA:80,0
DA:81,0
DA:85,0
DA:86,0
DA:87,0
DA:89,0
DA:90,0
DA:96,0
DA:98,0
DA:99,0
DA:102,0
DA:103,0
DA:106,0
DA:107,0
DA:110,0
DA:111,0
DA:112,0
DA:116,0
DA:126,0
DA:127,0
DA:134,0
DA:141,0
DA:148,0
DA:149,0
DA:151,0
DA:152,0
DA:153,0
DA:154,0
DA:155,0
DA:159,0
DA:160,0
DA:168,0
DA:169,0
DA:170,0
DA:178,0
DA:179,0
DA:182,0
DA:183,0
DA:186,0
DA:189,0
DA:190,0
DA:194,0
DA:195,0
DA:199,0
DA:200,0
DA:204,0
DA:205,0
DA:209,0
DA:211,0
DA:212,0
DA:213,0
DA:214,0
DA:217,0
DA:224,0
DA:226,0
DA:227,0
DA:228,0
DA:237,0
DA:239,0
DA:240,0
DA:241,0
DA:250,0
DA:251,0
DA:254,0
DA:262,0
DA:268,0
DA:275,0
DA:283,0
DA:285,0
DA:286,0
DA:287,0
DA:291,0
DA:292,0
DA:293,0
DA:294,0
DA:299,0
DA:300,0
DA:301,0
DA:302,0
DA:306,0
DA:307,0
DA:308,0
DA:309,0
DA:310,0
DA:312,0
DA:316,0
DA:317,0
DA:318,0
DA:319,0
DA:320,0
DA:321,0
DA:323,0
DA:328,0
DA:329,0
DA:332,0
DA:334,0
LF:124
LH:0
BRDA:20,0,0,0
BRDA:20,0,1,0
BRDA:32,1,0,0
BRDA:32,1,1,0
BRDA:33,2,0,0
BRDA:33,2,1,0
BRDA:71,3,0,0
BRDA:77,4,0,0
BRDA:96,5,0,0
BRDA:98,6,0,0
BRDA:98,7,0,0
BRDA:98,7,1,0
BRDA:110,8,0,0
BRDA:152,9,0,0
BRDA:159,10,0,0
BRDA:168,11,0,0
BRDA:178,12,0,0
BRDA:178,13,0,0
BRDA:178,13,1,0
BRDA:186,14,0,0
BRDA:186,14,1,0
BRDA:186,14,2,0
BRDA:186,14,3,0
BRDA:227,15,0,0
BRDA:240,16,0,0
BRDA:285,17,0,0
BRDA:292,18,0,0
BRDA:299,19,0,0
BRDA:299,19,1,0
BRDA:301,20,0,0
BRDA:307,21,0,0
BRDA:307,21,1,0
BRDA:309,22,0,0
BRDA:309,22,1,0
BRDA:316,23,0,0
BRDA:316,23,1,0
BRDA:318,24,0,0
BRDA:318,24,1,0
BRDA:320,25,0,0
BRDA:320,25,1,0
BRDA:329,26,0,0
BRDA:329,26,1,0
BRDA:332,27,0,0
BRDA:332,27,1,0
BRF:44
BRH:0
end_of_record
TN:
SF:src\services\circuitbreaker\CircuitBreakerService.ts
FN:4,(anonymous_7)
FN:33,(anonymous_8)
FN:45,(anonymous_9)
FN:70,(anonymous_11)
FN:83,(anonymous_12)
FN:101,(anonymous_13)
FN:110,(anonymous_14)
FNF:7
FNH:0
FNDA:0,(anonymous_7)
FNDA:0,(anonymous_8)
FNDA:0,(anonymous_9)
FNDA:0,(anonymous_11)
FNDA:0,(anonymous_12)
FNDA:0,(anonymous_13)
FNDA:0,(anonymous_14)
DA:4,0
DA:5,0
DA:6,0
DA:7,0
DA:26,0
DA:27,0
DA:28,0
DA:29,0
DA:30,0
DA:34,0
DA:46,0
DA:48,0
DA:49,0
DA:51,0
DA:55,0
DA:56,0
DA:58,0
DA:60,0
DA:62,0
DA:63,0
DA:71,0
DA:72,0
DA:74,0
DA:75,0
DA:84,0
DA:86,0
DA:87,0
DA:88,0
DA:91,0
DA:93,0
DA:94,0
DA:102,0
DA:103,0
DA:104,0
DA:111,0
LF:35
LH:0
BRDA:4,0,0,0
BRDA:4,0,1,0
BRDA:33,1,0,0
BRDA:46,2,0,0
BRDA:48,3,0,0
BRDA:48,3,1,0
BRDA:71,4,0,0
BRDA:74,5,0,0
BRDA:86,6,0,0
BRDA:93,7,0,0
BRF:10
BRH:0
end_of_record
TN:
SF:src\services\extension\ExtensionCoordinatorService.ts
FN:32,(anonymous_7)
FN:37,(anonymous_8)
FN:43,(anonymous_9)
FN:57,(anonymous_10)
FN:84,(anonymous_12)
FN:103,(anonymous_14)
FN:122,(anonymous_16)
FN:142,(anonymous_17)
FNF:8
FNH:0
FNDA:0,(anonymous_7)
FNDA:0,(anonymous_8)
FNDA:0,(anonymous_9)
FNDA:0,(anonymous_10)
FNDA:0,(anonymous_12)
FNDA:0,(anonymous_14)
FNDA:0,(anonymous_16)
FNDA:0,(anonymous_17)
DA:1,0
DA:2,0
DA:27,0
DA:28,0
DA:33,0
DA:34,0
DA:37,0
DA:44,0
DA:51,0
DA:59,0
DA:60,0
DA:61,0
DA:62,0
DA:65,0
DA:78,0
DA:86,0
DA:87,0
DA:88,0
DA:89,0
DA:90,0
DA:91,0
DA:95,0
DA:97,0
DA:105,0
DA:106,0
DA:107,0
DA:108,0
DA:109,0
DA:110,0
DA:114,0
DA:116,0
DA:123,0
DA:125,0
DA:127,0
DA:128,0
DA:129,0
DA:132,0
DA:133,0
DA:143,0
LF:39
LH:0
BRDA:60,0,0,0
BRDA:60,0,1,0
BRDA:87,1,0,0
BRDA:106,2,0,0
BRDA:127,3,0,0
BRDA:132,4,0,0
BRF:6
BRH:0
end_of_record
TN:
SF:src\services\extension\TaskDistributor.ts
FN:6,(anonymous_0)
FN:57,(anonymous_1)
FN:65,(anonymous_2)
FN:106,(anonymous_3)
FN:118,(anonymous_4)
FN:139,(anonymous_5)
FN:163,(anonymous_6)
FN:166,(anonymous_7)
FN:167,(anonymous_8)
FN:173,(anonymous_9)
FN:185,(anonymous_10)
FN:200,(anonymous_11)
FN:215,(anonymous_12)
FN:236,(anonymous_13)
FN:267,(anonymous_14)
FN:288,(anonymous_15)
FN:290,(anonymous_16)
FN:291,(anonymous_17)
FN:295,(anonymous_18)
FN:296,(anonymous_19)
FN:297,(anonymous_20)
FN:298,(anonymous_21)
FN:303,(anonymous_22)
FN:304,(anonymous_23)
FN:321,(anonymous_24)
FN:328,(anonymous_25)
FN:335,(anonymous_26)
FN:346,(anonymous_27)
FN:350,(anonymous_28)
FN:354,(anonymous_29)
FNF:30
FNH:0
FNDA:0,(anonymous_0)
FNDA:0,(anonymous_1)
FNDA:0,(anonymous_2)
FNDA:0,(anonymous_3)
FNDA:0,(anonymous_4)
FNDA:0,(anonymous_5)
FNDA:0,(anonymous_6)
FNDA:0,(anonymous_7)
FNDA:0,(anonymous_8)
FNDA:0,(anonymous_9)
FNDA:0,(anonymous_10)
FNDA:0,(anonymous_11)
FNDA:0,(anonymous_12)
FNDA:0,(anonymous_13)
FNDA:0,(anonymous_14)
FNDA:0,(anonymous_15)
FNDA:0,(anonymous_16)
FNDA:0,(anonymous_17)
FNDA:0,(anonymous_18)
FNDA:0,(anonymous_19)
FNDA:0,(anonymous_20)
FNDA:0,(anonymous_21)
FNDA:0,(anonymous_22)
FNDA:0,(anonymous_23)
FNDA:0,(anonymous_24)
FNDA:0,(anonymous_25)
FNDA:0,(anonymous_26)
FNDA:0,(anonymous_27)
FNDA:0,(anonymous_28)
FNDA:0,(anonymous_29)
DA:6,0
DA:7,0
DA:8,0
DA:36,0
DA:37,0
DA:38,0
DA:39,0
DA:40,0
DA:41,0
DA:59,0
DA:67,0
DA:85,0
DA:107,0
DA:110,0
DA:111,0
DA:112,0
DA:119,0
DA:121,0
DA:133,0
DA:140,0
DA:142,0
DA:157,0
DA:165,0
DA:166,0
DA:167,0
DA:170,0
DA:173,0
DA:174,0
DA:175,0
DA:176,0
DA:179,0
DA:186,0
DA:188,0
DA:189,0
DA:190,0
DA:191,0
DA:193,0
DA:201,0
DA:202,0
DA:203,0
DA:204,0
DA:205,0
DA:209,0
DA:216,0
DA:218,0
DA:219,0
DA:220,0
DA:221,0
DA:224,0
DA:227,0
DA:229,0
DA:237,0
DA:239,0
DA:240,0
DA:241,0
DA:243,0
DA:244,0
DA:245,0
DA:248,0
DA:251,0
DA:253,0
DA:255,0
DA:256,0
DA:257,0
DA:260,0
DA:269,0
DA:272,0
DA:275,0
DA:276,0
DA:280,0
DA:281,0
DA:290,0
DA:291,0
DA:294,0
DA:295,0
DA:296,0
DA:297,0
DA:298,0
DA:302,0
DA:303,0
DA:304,0
DA:307,0
DA:322,0
DA:329,0
DA:342,0
DA:345,0
DA:346,0
DA:349,0
DA:350,0
DA:353,0
DA:354,0
DA:358,0
DA:363,0
LF:93
LH:0
BRDA:6,0,0,0
BRDA:6,0,1,0
BRDA:118,1,0,0
BRDA:139,2,0,0
BRDA:167,3,0,0
BRDA:167,3,1,0
BRDA:188,4,0,0
BRDA:188,5,0,0
BRDA:188,5,1,0
BRDA:202,6,0,0
BRDA:202,7,0,0
BRDA:202,7,1,0
BRDA:218,8,0,0
BRDA:239,9,0,0
BRDA:243,10,0,0
BRDA:243,10,1,0
BRDA:275,11,0,0
BRDA:280,12,0,0
BRDA:280,13,0,0
BRDA:280,13,1,0
BRDA:345,14,0,0
BRDA:349,15,0,0
BRDA:353,16,0,0
BRF:23
BRH:0
end_of_record
TN:
SF:src\services\proxy\ProxyRotationService.ts
FN:54,(anonymous_7)
FN:59,(anonymous_8)
FN:62,(anonymous_9)
FN:71,(anonymous_10)
FN:84,(anonymous_11)
FN:134,(anonymous_13)
FN:157,(anonymous_15)
FN:160,(anonymous_16)
FN:174,(anonymous_17)
FN:226,(anonymous_19)
FN:232,(anonymous_20)
FN:239,(anonymous_21)
FN:246,(anonymous_22)
FN:253,(anonymous_23)
FN:260,(anonymous_24)
FN:267,(anonymous_25)
FN:274,(anonymous_26)
FN:284,(anonymous_27)
FN:288,(anonymous_28)
FN:297,(anonymous_29)
FN:313,(anonymous_30)
FN:336,(anonymous_31)
FN:341,(anonymous_32)
FN:372,(anonymous_33)
FN:385,(anonymous_34)
FN:403,(anonymous_35)
FN:463,(anonymous_36)
FNF:27
FNH:0
FNDA:0,(anonymous_7)
FNDA:0,(anonymous_8)
FNDA:0,(anonymous_9)
FNDA:0,(anonymous_10)
FNDA:0,(anonymous_11)
FNDA:0,(anonymous_13)
FNDA:0,(anonymous_15)
FNDA:0,(anonymous_16)
FNDA:0,(anonymous_17)
FNDA:0,(anonymous_19)
FNDA:0,(anonymous_20)
FNDA:0,(anonymous_21)
FNDA:0,(anonymous_22)
FNDA:0,(anonymous_23)
FNDA:0,(anonymous_24)
FNDA:0,(anonymous_25)
FNDA:0,(anonymous_26)
FNDA:0,(anonymous_27)
FNDA:0,(anonymous_28)
FNDA:0,(anonymous_29)
FNDA:0,(anonymous_30)
FNDA:0,(anonymous_31)
FNDA:0,(anonymous_32)
FNDA:0,(anonymous_33)
FNDA:0,(anonymous_34)
FNDA:0,(anonymous_35)
FNDA:0,(anonymous_36)
DA:1,0
DA:3,0
DA:4,0
DA:5,0
DA:6,0
DA:46,0
DA:47,0
DA:48,0
DA:49,0
DA:50,0
DA:51,0
DA:52,0
DA:56,0
DA:59,0
DA:62,0
DA:65,0
DA:73,0
DA:74,0
DA:75,0
DA:76,0
DA:78,0
DA:85,0
DA:86,0
DA:87,0
DA:90,0
DA:91,0
DA:93,0
DA:95,0
DA:96,0
DA:97,0
DA:98,0
DA:101,0
DA:102,0
DA:105,0
DA:106,0
DA:107,0
DA:108,0
DA:109,0
DA:110,0
DA:111,0
DA:114,0
DA:117,0
DA:119,0
DA:123,0
DA:125,0
DA:127,0
DA:135,0
DA:136,0
DA:137,0
DA:140,0
DA:141,0
DA:143,0
DA:144,0
DA:145,0
DA:146,0
DA:148,0
DA:149,0
DA:150,0
DA:151,0
DA:152,0
DA:154,0
DA:157,0
DA:160,0
DA:163,0
DA:165,0
DA:167,0
DA:175,0
DA:177,0
DA:178,0
DA:181,0
DA:195,0
DA:198,0
DA:201,0
DA:202,0
DA:204,0
DA:207,0
DA:213,0
DA:214,0
DA:216,0
DA:219,0
DA:228,0
DA:231,0
DA:232,0
DA:233,0
DA:238,0
DA:239,0
DA:240,0
DA:245,0
DA:246,0
DA:247,0
DA:252,0
DA:253,0
DA:254,0
DA:259,0
DA:260,0
DA:261,0
DA:266,0
DA:267,0
DA:268,0
DA:273,0
DA:274,0
DA:275,0
DA:276,0
DA:278,0
DA:279,0
DA:284,0
DA:287,0
DA:288,0
DA:289,0
DA:292,0
DA:293,0
DA:296,0
DA:297,0
DA:299,0
DA:300,0
DA:301,0
DA:308,0
DA:313,0
DA:314,0
DA:315,0
DA:318,0
DA:322,0
DA:326,0
DA:327,0
DA:329,0
DA:330,0
DA:331,0
DA:335,0
DA:336,0
DA:338,0
DA:341,0
DA:343,0
DA:344,0
DA:346,0
DA:347,0
DA:350,0
DA:351,0
DA:355,0
DA:359,0
DA:363,0
DA:364,0
DA:366,0
DA:373,0
DA:374,0
DA:376,0
DA:377,0
DA:378,0
DA:386,0
DA:387,0
DA:389,0
DA:390,0
DA:391,0
DA:393,0
DA:396,0
DA:404,0
DA:405,0
DA:406,0
DA:407,0
DA:408,0
DA:409,0
DA:412,0
DA:415,0
DA:417,0
DA:419,0
DA:420,0
DA:422,0
DA:426,0
DA:427,0
DA:428,0
DA:431,0
DA:432,0
DA:434,0
DA:435,0
DA:436,0
DA:437,0
DA:440,0
DA:441,0
DA:445,0
DA:464,0
LF:179
LH:0
BRDA:85,0,0,0
BRDA:105,1,0,0
BRDA:135,2,0,0
BRDA:186,3,0,0
BRDA:186,3,1,0
BRDA:186,4,0,0
BRDA:186,4,1,0
BRDA:207,5,0,0
BRDA:207,5,1,0
BRDA:207,5,2,0
BRDA:207,5,3,0
BRDA:213,6,0,0
BRDA:213,6,1,0
BRDA:226,7,0,0
BRDA:231,8,0,0
BRDA:233,9,0,0
BRDA:233,9,1,0
BRDA:238,10,0,0
BRDA:240,11,0,0
BRDA:240,11,1,0
BRDA:245,12,0,0
BRDA:247,13,0,0
BRDA:247,13,1,0
BRDA:252,14,0,0
BRDA:259,15,0,0
BRDA:266,16,0,0
BRDA:266,17,0,0
BRDA:266,17,1,0
BRDA:273,18,0,0
BRDA:276,19,0,0
BRDA:289,20,0,0
BRDA:289,20,1,0
BRDA:292,21,0,0
BRDA:299,22,0,0
BRDA:308,23,0,0
BRDA:308,23,1,0
BRDA:315,24,0,0
BRDA:315,24,1,0
BRDA:318,25,0,0
BRDA:318,25,1,0
BRDA:338,26,0,0
BRDA:338,26,1,0
BRDA:346,27,0,0
BRDA:346,27,1,0
BRDA:347,28,0,0
BRDA:347,28,1,0
BRDA:350,29,0,0
BRDA:376,30,0,0
BRDA:385,31,0,0
BRDA:389,32,0,0
BRDA:390,33,0,0
BRDA:390,33,1,0
BRDA:419,34,0,0
BRDA:419,34,1,0
BRDA:431,35,0,0
BRDA:440,36,0,0
BRDA:441,37,0,0
BRDA:441,37,1,0
BRDA:452,38,0,0
BRDA:452,38,1,0
BRF:60
BRH:0
end_of_record
TN:
SF:src\services\proxy\providers\BrightDataProvider.ts
FN:14,(anonymous_7)
FN:24,(anonymous_8)
FN:101,(anonymous_10)
FN:108,(anonymous_11)
FN:115,(anonymous_12)
FNF:5
FNH:0
FNDA:0,(anonymous_7)
FNDA:0,(anonymous_8)
FNDA:0,(anonymous_10)
FNDA:0,(anonymous_11)
FNDA:0,(anonymous_12)
DA:4,0
DA:9,0
DA:16,0
DA:17,0
DA:18,0
DA:25,0
DA:26,0
DA:27,0
DA:30,0
DA:33,0
DA:34,0
DA:37,0
DA:39,0
DA:55,0
DA:72,0
DA:73,0
DA:74,0
DA:91,0
DA:93,0
DA:94,0
DA:102,0
DA:109,0
DA:116,0
LF:23
LH:0
BRDA:25,0,0,0
BRDA:116,1,0,0
BRDA:116,1,1,0
BRDA:116,1,2,0
BRF:4
BRH:0
end_of_record
TN:
SF:src\services\proxy\providers\OxylabsProvider.ts
FN:14,(anonymous_7)
FN:24,(anonymous_8)
FN:120,(anonymous_10)
FN:127,(anonymous_11)
FN:134,(anonymous_12)
FNF:5
FNH:0
FNDA:0,(anonymous_7)
FNDA:0,(anonymous_8)
FNDA:0,(anonymous_10)
FNDA:0,(anonymous_11)
FNDA:0,(anonymous_12)
DA:4,0
DA:9,0
DA:16,0
DA:17,0
DA:18,0
DA:25,0
DA:26,0
DA:27,0
DA:30,0
DA:32,0
DA:33,0
DA:36,0
DA:38,0
DA:54,0
DA:71,0
DA:72,0
DA:73,0
DA:91,0
DA:92,0
DA:93,0
DA:110,0
DA:112,0
DA:113,0
DA:121,0
DA:128,0
DA:135,0
LF:26
LH:0
BRDA:25,0,0,0
BRDA:135,1,0,0
BRDA:135,1,1,0
BRDA:135,1,2,0
BRF:4
BRH:0
end_of_record
TN:
SF:src\services\proxy\providers\SmartProxyProvider.ts
FN:14,(anonymous_7)
FN:24,(anonymous_8)
FN:101,(anonymous_10)
FN:108,(anonymous_11)
FN:115,(anonymous_12)
FNF:5
FNH:0
FNDA:0,(anonymous_7)
FNDA:0,(anonymous_8)
FNDA:0,(anonymous_10)
FNDA:0,(anonymous_11)
FNDA:0,(anonymous_12)
DA:4,0
DA:9,0
DA:16,0
DA:17,0
DA:18,0
DA:25,0
DA:26,0
DA:27,0
DA:30,0
DA:32,0
DA:33,0
DA:36,0
DA:37,0
DA:54,0
DA:55,0
DA:72,0
DA:73,0
DA:74,0
DA:91,0
DA:93,0
DA:94,0
DA:102,0
DA:109,0
DA:116,0
LF:24
LH:0
BRDA:25,0,0,0
BRDA:116,1,0,0
BRDA:116,1,1,0
BRDA:116,1,2,0
BRF:4
BRH:0
end_of_record
TN:
SF:src\services\scraper\HumanBehaviorSimulator.ts
FN:13,(anonymous_7)
FN:13,(anonymous_8)
FN:15,(anonymous_9)
FN:24,(anonymous_10)
FN:24,(anonymous_11)
FN:31,(anonymous_12)
FN:44,(anonymous_13)
FN:59,(anonymous_14)
FN:88,(anonymous_16)
FN:106,(anonymous_18)
FN:127,(anonymous_20)
FN:129,(anonymous_22)
FN:153,(anonymous_23)
FNF:13
FNH:0
FNDA:0,(anonymous_7)
FNDA:0,(anonymous_8)
FNDA:0,(anonymous_9)
FNDA:0,(anonymous_10)
FNDA:0,(anonymous_11)
FNDA:0,(anonymous_12)
FNDA:0,(anonymous_13)
FNDA:0,(anonymous_14)
FNDA:0,(anonymous_16)
FNDA:0,(anonymous_18)
FNDA:0,(anonymous_20)
FNDA:0,(anonymous_22)
FNDA:0,(anonymous_23)
DA:7,0
DA:13,0
DA:14,0
DA:15,0
DA:24,0
DA:25,0
DA:27,0
DA:28,0
DA:30,0
DA:31,0
DA:32,0
DA:36,0
DA:40,0
DA:41,0
DA:43,0
DA:44,0
DA:45,0
DA:49,0
DA:61,0
DA:62,0
DA:63,0
DA:64,0
DA:68,0
DA:69,0
DA:70,0
DA:71,0
DA:75,0
DA:76,0
DA:79,0
DA:90,0
DA:93,0
DA:94,0
DA:97,0
DA:108,0
DA:111,0
DA:114,0
DA:117,0
DA:120,0
DA:129,0
DA:130,0
DA:137,0
DA:139,0
DA:140,0
DA:141,0
DA:143,0
DA:144,0
DA:155,0
DA:158,0
DA:161,0
LF:49
LH:0
BRDA:13,0,0,0
BRDA:13,1,0,0
BRDA:24,2,0,0
BRDA:24,3,0,0
BRDA:25,4,0,0
BRDA:25,4,1,0
BRDA:62,5,0,0
BRDA:69,6,0,0
BRF:8
BRH:0
end_of_record
TN:
SF:src\services\scraper\TierBasedScraperService.ts
FN:9,(anonymous_7)
FN:29,(anonymous_8)
FN:34,(anonymous_9)
FN:40,(anonymous_10)
FN:56,(anonymous_11)
FN:66,(anonymous_12)
FN:76,(anonymous_13)
FN:92,(anonymous_14)
FN:108,(anonymous_15)
FN:124,(anonymous_16)
FN:132,(anonymous_17)
FN:140,(anonymous_18)
FN:180,(anonymous_20)
FN:220,(anonymous_22)
FNF:14
FNH:0
FNDA:0,(anonymous_7)
FNDA:0,(anonymous_8)
FNDA:0,(anonymous_9)
FNDA:0,(anonymous_10)
FNDA:0,(anonymous_11)
FNDA:0,(anonymous_12)
FNDA:0,(anonymous_13)
FNDA:0,(anonymous_14)
FNDA:0,(anonymous_15)
FNDA:0,(anonymous_16)
FNDA:0,(anonymous_17)
FNDA:0,(anonymous_18)
FNDA:0,(anonymous_20)
FNDA:0,(anonymous_22)
DA:1,0
DA:2,0
DA:3,0
DA:9,0
DA:10,0
DA:11,0
DA:12,0
DA:18,0
DA:23,0
DA:24,0
DA:27,0
DA:30,0
DA:31,0
DA:34,0
DA:41,0
DA:42,0
DA:43,0
DA:45,0
DA:46,0
DA:47,0
DA:48,0
DA:49,0
DA:57,0
DA:58,0
DA:60,0
DA:67,0
DA:68,0
DA:70,0
DA:77,0
DA:79,0
DA:81,0
DA:83,0
DA:85,0
DA:93,0
DA:95,0
DA:97,0
DA:99,0
DA:101,0
DA:109,0
DA:111,0
DA:113,0
DA:115,0
DA:117,0
DA:125,0
DA:126,0
DA:133,0
DA:134,0
DA:142,0
DA:143,0
DA:147,0
DA:148,0
DA:152,0
DA:155,0
DA:157,0
DA:159,0
DA:160,0
DA:162,0
DA:163,0
DA:165,0
DA:166,0
DA:168,0
DA:169,0
DA:171,0
DA:174,0
DA:182,0
DA:183,0
DA:187,0
DA:188,0
DA:192,0
DA:195,0
DA:197,0
DA:199,0
DA:200,0
DA:202,0
DA:203,0
DA:205,0
DA:206,0
DA:208,0
DA:209,0
DA:211,0
DA:214,0
DA:221,0
DA:222,0
DA:224,0
LF:84
LH:0
BRDA:9,0,0,0
BRDA:9,0,1,0
BRDA:45,1,0,0
BRDA:57,2,0,0
BRDA:57,2,1,0
BRDA:67,3,0,0
BRDA:67,3,1,0
BRDA:77,4,0,0
BRDA:77,4,1,0
BRDA:77,4,2,0
BRDA:77,4,3,0
BRDA:93,5,0,0
BRDA:93,5,1,0
BRDA:93,5,2,0
BRDA:93,5,3,0
BRDA:109,6,0,0
BRDA:109,6,1,0
BRDA:109,6,2,0
BRDA:109,6,3,0
BRDA:125,7,0,0
BRDA:125,7,1,0
BRDA:133,8,0,0
BRDA:133,8,1,0
BRDA:142,9,0,0
BRDA:147,10,0,0
BRDA:157,11,0,0
BRDA:157,11,1,0
BRDA:157,11,2,0
BRDA:157,11,3,0
BRDA:157,11,4,0
BRDA:182,12,0,0
BRDA:187,13,0,0
BRDA:197,14,0,0
BRDA:197,14,1,0
BRDA:197,14,2,0
BRDA:197,14,3,0
BRDA:197,14,4,0
BRDA:221,15,0,0
BRDA:221,15,1,0
BRDA:222,16,0,0
BRDA:222,16,1,0
BRF:41
BRH:0
end_of_record
TN:
SF:src\services\scraper\UnifiedScraperService.ts
FN:15,(anonymous_7)
FN:24,(anonymous_8)
FN:74,(anonymous_10)
FN:124,(anonymous_12)
FN:148,(anonymous_14)
FN:170,(anonymous_15)
FN:185,(anonymous_16)
FNF:7
FNH:0
FNDA:0,(anonymous_7)
FNDA:0,(anonymous_8)
FNDA:0,(anonymous_10)
FNDA:0,(anonymous_12)
FNDA:0,(anonymous_14)
FNDA:0,(anonymous_15)
FNDA:0,(anonymous_16)
DA:1,0
DA:2,0
DA:4,0
DA:5,0
DA:10,0
DA:16,0
DA:17,0
DA:18,0
DA:25,0
DA:27,0
DA:28,0
DA:29,0
DA:32,0
DA:35,0
DA:36,0
DA:40,0
DA:43,0
DA:45,0
DA:47,0
DA:50,0
DA:51,0
DA:59,0
DA:66,0
DA:67,0
DA:75,0
DA:77,0
DA:78,0
DA:79,0
DA:82,0
DA:85,0
DA:86,0
DA:90,0
DA:93,0
DA:95,0
DA:97,0
DA:100,0
DA:101,0
DA:109,0
DA:116,0
DA:117,0
DA:125,0
DA:127,0
DA:129,0
DA:130,0
DA:134,0
DA:135,0
DA:138,0
DA:140,0
DA:141,0
DA:149,0
DA:150,0
DA:154,0
DA:155,0
DA:157,0
DA:158,0
DA:159,0
DA:160,0
DA:164,0
DA:171,0
DA:173,0
DA:175,0
DA:178,0
DA:186,0
DA:188,0
DA:189,0
DA:190,0
DA:193,0
DA:196,0
DA:199,0
DA:201,0
DA:206,0
DA:207,0
LF:72
LH:0
BRDA:28,0,0,0
BRDA:35,1,0,0
BRDA:45,2,0,0
BRDA:45,2,1,0
BRDA:78,3,0,0
BRDA:85,4,0,0
BRDA:95,5,0,0
BRDA:95,5,1,0
BRDA:129,6,0,0
BRDA:134,7,0,0
BRDA:149,8,0,0
BRDA:154,9,0,0
BRDA:155,10,0,0
BRDA:155,10,1,0
BRDA:155,11,0,0
BRDA:155,11,1,0
BRDA:155,12,0,0
BRDA:155,12,1,0
BRDA:155,13,0,0
BRDA:155,13,1,0
BRDA:155,14,0,0
BRDA:155,14,1,0
BRDA:157,15,0,0
BRDA:157,15,1,0
BRDA:159,16,0,0
BRDA:171,17,0,0
BRDA:171,17,1,0
BRDA:171,17,2,0
BRDA:171,17,3,0
BRDA:189,18,0,0
BRF:30
BRH:0
end_of_record
TN:
SF:src\services\user\UserService.ts
FN:11,(anonymous_7)
FN:19,(anonymous_8)
FN:45,(anonymous_10)
FN:72,(anonymous_12)
FN:95,(anonymous_14)
FNF:5
FNH:0
FNDA:0,(anonymous_7)
FNDA:0,(anonymous_8)
FNDA:0,(anonymous_10)
FNDA:0,(anonymous_12)
FNDA:0,(anonymous_14)
DA:1,0
DA:2,0
DA:7,0
DA:12,0
DA:13,0
DA:20,0
DA:22,0
DA:24,0
DA:25,0
DA:29,0
DA:32,0
DA:37,0
DA:38,0
DA:46,0
DA:48,0
DA:50,0
DA:51,0
DA:54,0
DA:56,0
DA:57,0
DA:58,0
DA:59,0
DA:62,0
DA:64,0
DA:65,0
DA:73,0
DA:75,0
DA:77,0
DA:78,0
DA:82,0
DA:83,0
DA:87,0
DA:88,0
DA:96,0
DA:98,0
DA:101,0
DA:103,0
DA:104,0
DA:106,0
DA:107,0
DA:114,0
DA:116,0
DA:117,0
LF:43
LH:0
BRDA:24,0,0,0
BRDA:50,1,0,0
BRDA:50,2,0,0
BRDA:50,2,1,0
BRDA:56,3,0,0
BRDA:56,3,1,0
BRDA:58,4,0,0
BRDA:77,5,0,0
BRDA:83,6,0,0
BRDA:83,6,1,0
BRDA:83,6,2,0
BRDA:106,7,0,0
BRF:12
BRH:0
end_of_record
